absolPathToFile: /var/www/html/log/2021_03_19/Log-2021-03-19-00-51-12.log
destfolder: /var/www/html/log/2021_03_19
file: Log-2021-03-19-00-51-12.log
absolPathToFile: /var/www/html/log/2021_03_19/Log-2021-03-19-00-54-21.log
destfolder: /var/www/html/log/2021_03_19
file: Log-2021-03-19-00-54-21.log
absolPathToFile: /var/www/html/log/2021_03_19/Log-2021-03-19-01-01-51.log
destfolder: /var/www/html/log/2021_03_19
file: Log-2021-03-19-01-01-51.log
absolPathToFile: /var/www/html/log/2021_03_19/Log-2021-03-19-01-04-29.log
destfolder: /var/www/html/log/2021_03_19
file: Log-2021-03-19-01-04-29.log
absolPathToFile: /var/www/html/log/2021_03_19/Log-2021-03-19-01-05-42.log
destfolder: /var/www/html/log/2021_03_19
file: Log-2021-03-19-01-05-42.log
absolPathToFile: /var/www/html/log/2021_03_19/Log-2021-03-19-01-06-11.log
destfolder: /var/www/html/log/2021_03_19
file: Log-2021-03-19-01-06-11.log
absolPathToFile: ./server.log
destfolder: /home/yegabebar/projet/TD-LINUX
file: server.log
absolPathToFile: ./server.log
destfolder: /home/yegabebar/projet/TD-LINUX
file: server.log
absolPathToFile: ./server.log
destfolder: /home/yegabebar/projet/TD-LINUX
file: server.log
absolPathToFile: ./server.log
destfolder: /home/yegabebar/projet/TD-LINUX
file: server.log
absolPathToFile: ./server.log
destfolder: /home/yegabebar/projet/TD-LINUX
file: server.log
absolPathToFile: ./server.log
destfolder: /home/yegabebar/projet/TD-LINUX
file: server.log
absolPathToFile: /var/www/html/log/2021_03_19/Log-2021-03-19-01-15-59.log
destfolder: /var/www/html/log/2021_03_19
file: Log-2021-03-19-01-15-59.log
absolPathToFile: /var/www/html/log/2021_03_19/Log-2021-03-19-01-17-45.log
destfolder: /var/www/html/log/2021_03_19
file: Log-2021-03-19-01-17-45.log
absolPathToFile: /var/www/html/log/2021_03_19/Log-2021-03-19-01-19-49.log
destfolder: /var/www/html/log/2021_03_19
file: Log-2021-03-19-01-19-49.log
absolPathToFile: /var/www/html/log/2021_03_19/Log-2021-03-19-01-19-49.log
destfolder: /var/www/html/log/2021_03_19
file: Log-2021-03-19-01-19-49.log
absolPathToFile: /var/www/html/log/2021_03_19/Log-2021-03-19-01-30-25.log
destfolder: /var/www/html/log/2021_03_19
file: Log-2021-03-19-01-30-25.log
absolPathToFile: /var/www/html/log/2021_03_19/Log-2021-03-19-01-19-49.log
destfolder: /var/www/html/log/2021_03_19
file: Log-2021-03-19-01-19-49.log
absolPathToFile: /var/www/html/log/2021_03_19/Log-2021-03-19-01-19-49.log
destfolder: /var/www/html/log/2021_03_19
file: Log-2021-03-19-01-19-49.log
absolPathToFile: /var/www/html/log/2021_03_19/Log-2021-03-19-01-33-29.log
destfolder: /var/www/html/log/2021_03_19
file: Log-2021-03-19-01-33-29.log
absolPathToFile: /var/www/html/log/2021_03_19/Log-2021-03-19-01-19-49.log
destfolder: /var/www/html/log/2021_03_19
file: Log-2021-03-19-01-19-49.log
absolPathToFile: /var/www/html/log/2021_03_19/Log-2021-03-19-01-38-04.log
destfolder: /var/www/html/log/2021_03_19
file: Log-2021-03-19-01-38-04.log
absolPathToFile: /var/www/html/log/2021_03_19/Log-2021-03-19-01-40-41.log
destfolder: /var/www/html/log/2021_03_19
file: Log-2021-03-19-01-40-41.log
absolPathToFile: /var/www/html/log/2021_03_19/Log-2021-03-19-01-49-55.log
destfolder: /var/www/html/log/2021_03_19
file: Log-2021-03-19-01-49-55.log
absolPathToFile: /var/www/html/log/2021_03_19/Log-2021-03-19-01-51-38.log
destfolder: /var/www/html/log/2021_03_19
file: Log-2021-03-19-01-51-38.log
absolPathToFile: /var/www/html/log/2021_03_19/Log-2021-03-19-01-53-25.log
destfolder: /var/www/html/log/2021_03_19
file: Log-2021-03-19-01-53-25.log
